{"C:\\Users\\washington schools\\Documents\\Microverse\\pair-personal\\js-testing\\modules\\calculator.js": {"path":"C:\\Users\\washington schools\\Documents\\Microverse\\pair-personal\\js-testing\\modules\\calculator.js","statementMap":{"0":{"start":{"line":5,"column":23},"end":{"line":9,"column":3}},"1":{"start":{"line":6,"column":4},"end":{"line":8,"column":5}},"2":{"start":{"line":7,"column":6},"end":{"line":7,"column":57}},"3":{"start":{"line":12,"column":4},"end":{"line":12,"column":34}},"4":{"start":{"line":13,"column":4},"end":{"line":13,"column":17}},"5":{"start":{"line":17,"column":4},"end":{"line":17,"column":34}},"6":{"start":{"line":18,"column":4},"end":{"line":18,"column":17}},"7":{"start":{"line":22,"column":4},"end":{"line":22,"column":34}},"8":{"start":{"line":23,"column":4},"end":{"line":23,"column":72}},"9":{"start":{"line":23,"column":12},"end":{"line":23,"column":72}},"10":{"start":{"line":24,"column":4},"end":{"line":24,"column":17}},"11":{"start":{"line":28,"column":4},"end":{"line":28,"column":34}},"12":{"start":{"line":29,"column":4},"end":{"line":29,"column":17}},"13":{"start":{"line":33,"column":0},"end":{"line":33,"column":28}}},"fnMap":{"0":{"name":"(anonymous_0)","decl":{"start":{"line":2,"column":2},"end":{"line":2,"column":3}},"loc":{"start":{"line":2,"column":16},"end":{"line":3,"column":3}},"line":2},"1":{"name":"(anonymous_1)","decl":{"start":{"line":5,"column":23},"end":{"line":5,"column":24}},"loc":{"start":{"line":5,"column":33},"end":{"line":9,"column":3}},"line":5},"2":{"name":"(anonymous_2)","decl":{"start":{"line":11,"column":2},"end":{"line":11,"column":3}},"loc":{"start":{"line":11,"column":12},"end":{"line":14,"column":3}},"line":11},"3":{"name":"(anonymous_3)","decl":{"start":{"line":16,"column":2},"end":{"line":16,"column":3}},"loc":{"start":{"line":16,"column":17},"end":{"line":19,"column":3}},"line":16},"4":{"name":"(anonymous_4)","decl":{"start":{"line":21,"column":2},"end":{"line":21,"column":3}},"loc":{"start":{"line":21,"column":15},"end":{"line":25,"column":3}},"line":21},"5":{"name":"(anonymous_5)","decl":{"start":{"line":27,"column":2},"end":{"line":27,"column":3}},"loc":{"start":{"line":27,"column":17},"end":{"line":30,"column":3}},"line":27}},"branchMap":{"0":{"loc":{"start":{"line":6,"column":4},"end":{"line":8,"column":5}},"type":"if","locations":[{"start":{"line":6,"column":4},"end":{"line":8,"column":5}},{"start":{},"end":{}}],"line":6},"1":{"loc":{"start":{"line":6,"column":8},"end":{"line":6,"column":52}},"type":"binary-expr","locations":[{"start":{"line":6,"column":8},"end":{"line":6,"column":28}},{"start":{"line":6,"column":32},"end":{"line":6,"column":52}}],"line":6},"2":{"loc":{"start":{"line":23,"column":4},"end":{"line":23,"column":72}},"type":"if","locations":[{"start":{"line":23,"column":4},"end":{"line":23,"column":72}},{"start":{},"end":{}}],"line":23}},"s":{"0":1,"1":4,"2":0,"3":1,"4":1,"5":1,"6":1,"7":1,"8":1,"9":0,"10":1,"11":1,"12":1,"13":1},"f":{"0":1,"1":4,"2":1,"3":1,"4":1,"5":1},"b":{"0":[0,4],"1":[4,4],"2":[0,1]},"_coverageSchema":"1a1c01bbd47fc00a2c39e90264f33305004495a9","hash":"36887787307e1119597036908e63af8d63a4cbe7"}
,"C:\\Users\\washington schools\\Documents\\Microverse\\pair-personal\\js-testing\\modules\\capitalize.js": {"path":"C:\\Users\\washington schools\\Documents\\Microverse\\pair-personal\\js-testing\\modules\\capitalize.js","statementMap":{"0":{"start":{"line":1,"column":19},"end":{"line":3,"column":1}},"1":{"start":{"line":2,"column":2},"end":{"line":2,"column":58}},"2":{"start":{"line":5,"column":0},"end":{"line":5,"column":28}}},"fnMap":{"0":{"name":"(anonymous_0)","decl":{"start":{"line":1,"column":19},"end":{"line":1,"column":20}},"loc":{"start":{"line":1,"column":31},"end":{"line":3,"column":1}},"line":1}},"branchMap":{},"s":{"0":1,"1":1,"2":1},"f":{"0":1},"b":{},"_coverageSchema":"1a1c01bbd47fc00a2c39e90264f33305004495a9","hash":"6ad8fa6a52846f7fc8fdf5fc41feff214c2821bf"}
,"C:\\Users\\washington schools\\Documents\\Microverse\\pair-personal\\js-testing\\modules\\reverseString.js": {"path":"C:\\Users\\washington schools\\Documents\\Microverse\\pair-personal\\js-testing\\modules\\reverseString.js","statementMap":{"0":{"start":{"line":1,"column":22},"end":{"line":5,"column":1}},"1":{"start":{"line":2,"column":2},"end":{"line":2,"column":83}},"2":{"start":{"line":2,"column":25},"end":{"line":2,"column":83}},"3":{"start":{"line":4,"column":2},"end":{"line":4,"column":45}},"4":{"start":{"line":7,"column":0},"end":{"line":7,"column":31}}},"fnMap":{"0":{"name":"(anonymous_0)","decl":{"start":{"line":1,"column":22},"end":{"line":1,"column":23}},"loc":{"start":{"line":1,"column":34},"end":{"line":5,"column":1}},"line":1}},"branchMap":{"0":{"loc":{"start":{"line":2,"column":2},"end":{"line":2,"column":83}},"type":"if","locations":[{"start":{"line":2,"column":2},"end":{"line":2,"column":83}},{"start":{},"end":{}}],"line":2}},"s":{"0":1,"1":2,"2":0,"3":2,"4":1},"f":{"0":2},"b":{"0":[0,2]},"_coverageSchema":"1a1c01bbd47fc00a2c39e90264f33305004495a9","hash":"0084eb30f8058b57d8158f0d09e07f7910d0fe68"}
,"C:\\Users\\washington schools\\Documents\\Microverse\\pair-personal\\js-testing\\modules\\stringLength.js": {"path":"C:\\Users\\washington schools\\Documents\\Microverse\\pair-personal\\js-testing\\modules\\stringLength.js","statementMap":{"0":{"start":{"line":1,"column":21},"end":{"line":6,"column":1}},"1":{"start":{"line":3,"column":2},"end":{"line":3,"column":135}},"2":{"start":{"line":3,"column":47},"end":{"line":3,"column":135}},"3":{"start":{"line":5,"column":2},"end":{"line":5,"column":23}},"4":{"start":{"line":7,"column":0},"end":{"line":7,"column":30}}},"fnMap":{"0":{"name":"(anonymous_0)","decl":{"start":{"line":1,"column":21},"end":{"line":1,"column":22}},"loc":{"start":{"line":1,"column":33},"end":{"line":6,"column":1}},"line":1}},"branchMap":{"0":{"loc":{"start":{"line":3,"column":2},"end":{"line":3,"column":135}},"type":"if","locations":[{"start":{"line":3,"column":2},"end":{"line":3,"column":135}},{"start":{},"end":{}}],"line":3},"1":{"loc":{"start":{"line":3,"column":6},"end":{"line":3,"column":45}},"type":"binary-expr","locations":[{"start":{"line":3,"column":6},"end":{"line":3,"column":23}},{"start":{"line":3,"column":27},"end":{"line":3,"column":45}}],"line":3}},"s":{"0":1,"1":3,"2":0,"3":3,"4":1},"f":{"0":3},"b":{"0":[0,3],"1":[3,3]},"_coverageSchema":"1a1c01bbd47fc00a2c39e90264f33305004495a9","hash":"8d8e0d63ba4b9b4e98ade6f90c93a853f54230e2"}
}
