TN:
SF:modules\calculator.js
FN:2,(anonymous_0)
FN:5,(anonymous_1)
FN:11,(anonymous_2)
FN:16,(anonymous_3)
FN:21,(anonymous_4)
FN:27,(anonymous_5)
FNF:6
FNH:6
FNDA:1,(anonymous_0)
FNDA:4,(anonymous_1)
FNDA:1,(anonymous_2)
FNDA:1,(anonymous_3)
FNDA:1,(anonymous_4)
FNDA:1,(anonymous_5)
DA:5,1
DA:6,4
DA:7,0
DA:12,1
DA:13,1
DA:17,1
DA:18,1
DA:22,1
DA:23,1
DA:24,1
DA:28,1
DA:29,1
DA:33,1
LF:13
LH:12
BRDA:6,0,0,0
BRDA:6,0,1,4
BRDA:6,1,0,4
BRDA:6,1,1,4
BRDA:23,2,0,0
BRDA:23,2,1,1
BRF:6
BRH:4
end_of_record
TN:
SF:modules\capitalize.js
FN:1,(anonymous_0)
FNF:1
FNH:1
FNDA:1,(anonymous_0)
DA:1,1
DA:2,1
DA:5,1
LF:3
LH:3
BRF:0
BRH:0
end_of_record
TN:
SF:modules\reverseString.js
FN:1,(anonymous_0)
FNF:1
FNH:1
FNDA:2,(anonymous_0)
DA:1,1
DA:2,2
DA:4,2
DA:7,1
LF:4
LH:4
BRDA:2,0,0,0
BRDA:2,0,1,2
BRF:2
BRH:1
end_of_record
TN:
SF:modules\stringLength.js
FN:1,(anonymous_0)
FNF:1
FNH:1
FNDA:3,(anonymous_0)
DA:1,1
DA:3,3
DA:5,3
DA:7,1
LF:4
LH:4
BRDA:3,0,0,0
BRDA:3,0,1,3
BRDA:3,1,0,3
BRDA:3,1,1,3
BRF:4
BRH:3
end_of_record
